<?xml version="1.0" encoding="UTF-8"?>
<!-- Generated by org.testng.reporters.JUnitXMLReporter -->
<testsuite hostname="vdc01hpd-0072" name="Testcase_B1" tests="4" failures="4" timestamp="22 May 2014 07:06:44 GMT" time="1.062" errors="0">
  <testcase name="test1" time="0.0" classname="com.Framework.suiteB.Testcase_B1">
    <failure type="java.lang.AssertionError" message="expected [XYZ] but found [XYZ1]">
      <![CDATA[java.lang.AssertionError: expected [XYZ] but found [XYZ1]
	at com.Framework.suiteB.Testcase_B1.test1(Testcase_B1.java:54)
... Removed 30 stack frames]]>
    </failure>
  </testcase> <!-- test1 -->
  <testcase name="test1" time="0.0" classname="com.Framework.suiteB.Testcase_B1">
    <failure type="java.lang.AssertionError" message="expected [XYZ] but found [XYZ1]">
      <![CDATA[java.lang.AssertionError: expected [XYZ] but found [XYZ1]
	at com.Framework.suiteB.Testcase_B1.test1(Testcase_B1.java:54)
... Removed 30 stack frames]]>
    </failure>
  </testcase> <!-- test1 -->
  <testcase name="test1" time="0.0" classname="com.Framework.suiteB.Testcase_B1">
    <failure type="java.lang.AssertionError" message="expected [XYZ] but found [XYZ1]">
      <![CDATA[java.lang.AssertionError: expected [XYZ] but found [XYZ1]
	at com.Framework.suiteB.Testcase_B1.test1(Testcase_B1.java:54)
... Removed 30 stack frames]]>
    </failure>
  </testcase> <!-- test1 -->
  <testcase name="test1" time="0.016" classname="com.Framework.suiteB.Testcase_B1">
    <failure type="java.lang.AssertionError" message="expected [XYZ] but found [XYZ1]">
      <![CDATA[java.lang.AssertionError: expected [XYZ] but found [XYZ1]
	at com.Framework.suiteB.Testcase_B1.test1(Testcase_B1.java:54)
... Removed 30 stack frames]]>
    </failure>
  </testcase> <!-- test1 -->
</testsuite> <!-- Testcase_B1 -->
