<?xml version="1.0" encoding="UTF-8"?>
<!-- Generated by org.testng.reporters.JUnitXMLReporter -->
<testsuite hostname="vdc01hpd-0072" name="MyCourses Distribution-1" tests="1" failures="0" timestamp="29 Sep 2014 17:18:38 GMT" time="1.562" errors="0">
  <testcase name="@BeforeTest isTestSkipped" time="0.0" classname="com.NFHS.TestSuites.MyCoursesDistribution.MC_Distribution1">
    <skipped/>
  </testcase> <!-- @BeforeTest isTestSkipped -->
  <testcase name="@BeforeMethod launch_Browser" time="0.0" classname="com.NFHS.TestSuites.MyCoursesDistribution.MC_Distribution1">
    <skipped/>
  </testcase> <!-- @BeforeMethod launch_Browser -->
  <testcase name="@AfterMethod reporter" time="0.0" classname="com.NFHS.TestSuites.MyCoursesDistribution.MC_Distribution1">
    <skipped/>
  </testcase> <!-- @AfterMethod reporter -->
  <testcase name="@AfterTest reportTestCaseResult" time="0.0" classname="com.NFHS.TestSuites.MyCoursesDistribution.MC_Distribution1">
    <skipped/>
  </testcase> <!-- @AfterTest reportTestCaseResult -->
  <testcase name="mc_Distribution1" time="0.0" classname="com.NFHS.TestSuites.MyCoursesDistribution.MC_Distribution1">
    <skipped/>
  </testcase> <!-- mc_Distribution1 -->
</testsuite> <!-- MyCourses Distribution-1 -->
