<?xml version="1.0" encoding="UTF-8"?>
<!-- Generated by org.testng.reporters.JUnitXMLReporter -->
<testsuite hostname="vdc01hpd-0072" name="ForgotPassword-3" tests="2" failures="0" timestamp="29 Sep 2014 12:00:02 GMT" time="0.829" errors="0">
  <testcase name="@BeforeTest isTestSkipped" time="0.0" classname="com.NFHS.TestSuites.ForgotPasswordSuite.Forgot_Password3">
    <skipped/>
  </testcase> <!-- @BeforeTest isTestSkipped -->
  <testcase name="@BeforeMethod launch_Browser" time="0.0" classname="com.NFHS.TestSuites.ForgotPasswordSuite.Forgot_Password3">
    <skipped/>
  </testcase> <!-- @BeforeMethod launch_Browser -->
  <testcase name="@AfterMethod reporter" time="0.0" classname="com.NFHS.TestSuites.ForgotPasswordSuite.Forgot_Password3">
    <skipped/>
  </testcase> <!-- @AfterMethod reporter -->
  <testcase name="@BeforeMethod launch_Browser" time="0.0" classname="com.NFHS.TestSuites.ForgotPasswordSuite.Forgot_Password3">
    <skipped/>
  </testcase> <!-- @BeforeMethod launch_Browser -->
  <testcase name="@AfterMethod reporter" time="0.0" classname="com.NFHS.TestSuites.ForgotPasswordSuite.Forgot_Password3">
    <skipped/>
  </testcase> <!-- @AfterMethod reporter -->
  <testcase name="@AfterTest reportTestCaseResult" time="0.0" classname="com.NFHS.TestSuites.ForgotPasswordSuite.Forgot_Password3">
    <skipped/>
  </testcase> <!-- @AfterTest reportTestCaseResult -->
  <testcase name="forgot_Password_3" time="0.0" classname="com.NFHS.TestSuites.ForgotPasswordSuite.Forgot_Password3">
    <skipped/>
  </testcase> <!-- forgot_Password_3 -->
  <testcase name="forgot_Password_3" time="0.0" classname="com.NFHS.TestSuites.ForgotPasswordSuite.Forgot_Password3">
    <skipped/>
  </testcase> <!-- forgot_Password_3 -->
</testsuite> <!-- ForgotPassword-3 -->
