<?xml version="1.0" encoding="UTF-8"?>
<!-- Generated by org.testng.reporters.JUnitXMLReporter -->
<testsuite hostname="vdc01hpd-0072" name="ForgotPassword-3" tests="2" failures="0" timestamp="22 Sep 2014 10:22:16 GMT" time="43.748" errors="0">
  <testcase name="forgot_Password_3" time="15.671" classname="com.NFHS.TestSuites.ForgotPasswordSuite.Forgot_Password3"/>
  <testcase name="forgot_Password_3" time="17.249" classname="com.NFHS.TestSuites.ForgotPasswordSuite.Forgot_Password3"/>
</testsuite> <!-- ForgotPassword-3 -->
