<?xml version="1.0" encoding="UTF-8"?>
<!-- Generated by org.testng.reporters.JUnitXMLReporter -->
<testsuite hostname="vdc01hpd-0072" name="Registration_Account4" tests="1" failures="0" timestamp="21 Sep 2014 14:53:51 GMT" time="0.563" errors="0">
  <testcase name="@BeforeTest isTestSkipped" time="0.0" classname="com.NFHS.TestSuites.RegistrationSuite.Registration_Account_Setup4">
    <skipped/>
  </testcase> <!-- @BeforeTest isTestSkipped -->
  <testcase name="@BeforeMethod launch_Browser" time="0.0" classname="com.NFHS.TestSuites.RegistrationSuite.Registration_Account_Setup4">
    <skipped/>
  </testcase> <!-- @BeforeMethod launch_Browser -->
  <testcase name="@AfterMethod reporter" time="0.0" classname="com.NFHS.TestSuites.RegistrationSuite.Registration_Account_Setup4">
    <skipped/>
  </testcase> <!-- @AfterMethod reporter -->
  <testcase name="@AfterTest reportTestCaseResult" time="0.0" classname="com.NFHS.TestSuites.RegistrationSuite.Registration_Account_Setup4">
    <skipped/>
  </testcase> <!-- @AfterTest reportTestCaseResult -->
  <testcase name="Registration_of_New_User" time="0.0" classname="com.NFHS.TestSuites.RegistrationSuite.Registration_Account_Setup4">
    <skipped/>
  </testcase> <!-- Registration_of_New_User -->
</testsuite> <!-- Registration_Account4 -->
