<?xml version="1.0" encoding="UTF-8"?>
<!-- Generated by org.testng.reporters.JUnitXMLReporter -->
<testsuite hostname="vdc01hpd-0072" name="Registration_Of_New_User2" tests="3" failures="0" timestamp="15 Sep 2014 17:01:31 GMT" time="68.247" errors="0">
  <testcase name="Registration_of_New_User" time="17.708" classname="com.Framework.TestSuites.RegistrationSuite.Registration_Of_New_User2"/>
  <testcase name="Registration_of_New_User" time="0.0" classname="com.Framework.TestSuites.RegistrationSuite.Registration_Of_New_User2">
    <skipped/>
  </testcase> <!-- Registration_of_New_User -->
  <testcase name="Registration_of_New_User" time="0.0" classname="com.Framework.TestSuites.RegistrationSuite.Registration_Of_New_User2">
    <skipped/>
  </testcase> <!-- Registration_of_New_User -->
</testsuite> <!-- Registration_Of_New_User2 -->
