<?xml version="1.0" encoding="UTF-8"?>
<!-- Generated by org.testng.reporters.JUnitXMLReporter -->
<testsuite hostname="vdc01hpd-0072" name="Registration_Of_Existing_User" tests="4" failures="0" timestamp="9 Sep 2014 08:56:24 GMT" time="219.706" errors="0">
  <testcase name="Registration_of_Existing_User" time="161.162" classname="com.Framework.TestSuites.RegistrationSuite.Registration_Of_Existing_User"/>
  <testcase name="Registration_of_Existing_User" time="0.0" classname="com.Framework.TestSuites.RegistrationSuite.Registration_Of_Existing_User">
    <skipped/>
  </testcase> <!-- Registration_of_Existing_User -->
  <testcase name="Registration_of_Existing_User" time="0.0" classname="com.Framework.TestSuites.RegistrationSuite.Registration_Of_Existing_User">
    <skipped/>
  </testcase> <!-- Registration_of_Existing_User -->
  <testcase name="Registration_of_Existing_User" time="0.0" classname="com.Framework.TestSuites.RegistrationSuite.Registration_Of_Existing_User">
    <skipped/>
  </testcase> <!-- Registration_of_Existing_User -->
</testsuite> <!-- Registration_Of_Existing_User -->
