<?xml version="1.0" encoding="UTF-8"?>
<!-- Generated by org.testng.reporters.JUnitXMLReporter -->
<testsuite hostname="vdc01hpd-0072" name="Registration_Account" tests="3" failures="0" timestamp="20 Sep 2014 23:39:40 GMT" time="41.905" errors="0">
  <testcase name="Registration_of_New_User" time="19.468" classname="com.NFHS.TestSuites.RegistrationSuite.Registration_Account_Setup"/>
  <testcase name="Registration_of_New_User" time="0.0" classname="com.NFHS.TestSuites.RegistrationSuite.Registration_Account_Setup">
    <skipped/>
  </testcase> <!-- Registration_of_New_User -->
  <testcase name="Registration_of_New_User" time="0.0" classname="com.NFHS.TestSuites.RegistrationSuite.Registration_Account_Setup">
    <skipped/>
  </testcase> <!-- Registration_of_New_User -->
</testsuite> <!-- Registration_Account -->
