<?xml version="1.0" encoding="UTF-8"?>
<!-- Generated by org.testng.reporters.JUnitXMLReporter -->
<testsuite hostname="vdc01hpd-0072" name="Testcase_12" tests="3" failures="0" timestamp="28 May 2014 06:57:24 GMT" time="63.717" errors="0">
  <testcase name="testcase12" time="0.0" classname="com.Framework.Registration.Tests.Testcase_12">
    <skipped/>
  </testcase> <!-- testcase12 -->
  <testcase name="testcase12" time="0.0" classname="com.Framework.Registration.Tests.Testcase_12">
    <skipped/>
  </testcase> <!-- testcase12 -->
  <testcase name="testcase12" time="48.468" classname="com.Framework.Registration.Tests.Testcase_12"/>
</testsuite> <!-- Testcase_12 -->
