<?xml version="1.0" encoding="UTF-8"?>
<!-- Generated by org.testng.reporters.JUnitXMLReporter -->
<testsuite hostname="vdc01hpd-0072" name="Testcase_13" tests="3" failures="0" timestamp="28 May 2014 07:00:04 GMT" time="159.779" errors="0">
  <testcase name="testcase12" time="0.0" classname="com.Framework.Registration.Tests.Testcase_13">
    <skipped/>
  </testcase> <!-- testcase12 -->
  <testcase name="testcase12" time="0.0" classname="com.Framework.Registration.Tests.Testcase_13">
    <skipped/>
  </testcase> <!-- testcase12 -->
  <testcase name="testcase12" time="144.513" classname="com.Framework.Registration.Tests.Testcase_13"/>
</testsuite> <!-- Testcase_13 -->
