<?xml version="1.0" encoding="UTF-8"?>
<testng-results skipped="6" failed="0" total="7" passed="1">
  <reporter-output>
  </reporter-output>
  <suite name="MyCourses Distribution" duration-ms="50080" started-at="2014-09-29T17:18:37Z" finished-at="2014-09-29T17:19:27Z">
    <groups>
    </groups>
    <test name="MyCourses Distribution-1" duration-ms="1562" started-at="2014-09-29T17:18:37Z" finished-at="2014-09-29T17:18:38Z">
      <class name="com.NFHS.TestSuites.MyCoursesDistribution.MC_Distribution1">
        <test-method status="SKIP" signature="isTestSkipped()[pri:0, instance:com.NFHS.TestSuites.MyCoursesDistribution.MC_Distribution1@f0c0d3]" name="isTestSkipped" is-config="true" duration-ms="0" started-at="2014-09-29T22:48:37Z" finished-at="2014-09-29T22:48:37Z">
          <exception class="org.testng.SkipException">
            <message>
              <![CDATA[--Runmode is set to NO for given testcase--]]>
            </message>
            <full-stacktrace>
              <![CDATA[org.testng.SkipException: --Runmode is set to NO for given testcase--
	at com.NFHS.TestSuites.MyCoursesDistribution.MC_Distribution1.isTestSkipped(MC_Distribution1.java:51)
	at sun.reflect.NativeMethodAccessorImpl.invoke0(Native Method)
	at sun.reflect.NativeMethodAccessorImpl.invoke(Unknown Source)
	at sun.reflect.DelegatingMethodAccessorImpl.invoke(Unknown Source)
	at java.lang.reflect.Method.invoke(Unknown Source)
	at org.testng.internal.MethodInvocationHelper.invokeMethod(MethodInvocationHelper.java:84)
	at org.testng.internal.Invoker.invokeConfigurationMethod(Invoker.java:564)
	at org.testng.internal.Invoker.invokeConfigurations(Invoker.java:213)
	at org.testng.internal.Invoker.invokeConfigurations(Invoker.java:138)
	at org.testng.TestRunner.beforeRun(TestRunner.java:641)
	at org.testng.TestRunner.run(TestRunner.java:609)
	at org.testng.SuiteRunner.runTest(SuiteRunner.java:334)
	at org.testng.SuiteRunner.runSequentially(SuiteRunner.java:329)
	at org.testng.SuiteRunner.privateRun(SuiteRunner.java:291)
	at org.testng.SuiteRunner.run(SuiteRunner.java:240)
	at org.testng.SuiteRunnerWorker.runSuite(SuiteRunnerWorker.java:52)
	at org.testng.SuiteRunnerWorker.run(SuiteRunnerWorker.java:86)
	at org.testng.TestNG.runSuitesSequentially(TestNG.java:1224)
	at org.testng.TestNG.runSuitesLocally(TestNG.java:1149)
	at org.testng.TestNG.run(TestNG.java:1057)
	at org.testng.remote.RemoteTestNG.run(RemoteTestNG.java:111)
	at org.testng.remote.RemoteTestNG.initAndRun(RemoteTestNG.java:204)
	at org.testng.remote.RemoteTestNG.main(RemoteTestNG.java:175)
]]>
            </full-stacktrace>
          </exception> <!-- org.testng.SkipException -->
          <reporter-output>
          </reporter-output>
        </test-method> <!-- isTestSkipped -->
        <test-method status="SKIP" signature="launch_Browser(java.lang.String)[pri:0, instance:com.NFHS.TestSuites.MyCoursesDistribution.MC_Distribution1@f0c0d3]" name="launch_Browser" is-config="true" duration-ms="0" started-at="2014-09-29T22:48:38Z" finished-at="2014-09-29T22:48:38Z">
          <reporter-output>
          </reporter-output>
        </test-method> <!-- launch_Browser -->
        <test-method status="SKIP" signature="reporter()[pri:0, instance:com.NFHS.TestSuites.MyCoursesDistribution.MC_Distribution1@f0c0d3]" name="reporter" is-config="true" duration-ms="0" started-at="2014-09-29T22:48:38Z" finished-at="2014-09-29T22:48:38Z">
          <reporter-output>
          </reporter-output>
        </test-method> <!-- reporter -->
        <test-method status="SKIP" signature="mc_Distribution1(java.lang.String, java.lang.String)[pri:0, instance:com.NFHS.TestSuites.MyCoursesDistribution.MC_Distribution1@f0c0d3]" name="mc_Distribution1" duration-ms="0" started-at="2014-09-29T22:48:38Z" data-provider="mc_Distribution1_Test_Data" finished-at="2014-09-29T22:48:38Z">
          <params>
            <param index="0">
              <value>
                <![CDATA[testuser1@weboapps.com]]>
              </value>
            </param>
            <param index="1">
              <value>
                <![CDATA[test1234]]>
              </value>
            </param>
          </params>
          <reporter-output>
          </reporter-output>
        </test-method> <!-- mc_Distribution1 -->
        <test-method status="SKIP" signature="reportTestCaseResult()[pri:0, instance:com.NFHS.TestSuites.MyCoursesDistribution.MC_Distribution1@f0c0d3]" name="reportTestCaseResult" is-config="true" duration-ms="0" started-at="2014-09-29T22:48:38Z" finished-at="2014-09-29T22:48:38Z">
          <reporter-output>
          </reporter-output>
        </test-method> <!-- reportTestCaseResult -->
      </class> <!-- com.NFHS.TestSuites.MyCoursesDistribution.MC_Distribution1 -->
    </test> <!-- MyCourses Distribution-1 -->
    <test name="MyCourses Distribution-2" duration-ms="1031" started-at="2014-09-29T17:18:38Z" finished-at="2014-09-29T17:18:40Z">
      <class name="com.NFHS.TestSuites.MyCoursesDistribution.MC_Distribution2">
        <test-method status="SKIP" signature="isTestSkipped()[pri:0, instance:com.NFHS.TestSuites.MyCoursesDistribution.MC_Distribution2@25d2b2]" name="isTestSkipped" is-config="true" duration-ms="0" started-at="2014-09-29T22:48:38Z" finished-at="2014-09-29T22:48:38Z">
          <exception class="org.testng.SkipException">
            <message>
              <![CDATA[--Runmode is set to NO for given testcase--]]>
            </message>
            <full-stacktrace>
              <![CDATA[org.testng.SkipException: --Runmode is set to NO for given testcase--
	at com.NFHS.TestSuites.MyCoursesDistribution.MC_Distribution2.isTestSkipped(MC_Distribution2.java:42)
	at sun.reflect.NativeMethodAccessorImpl.invoke0(Native Method)
	at sun.reflect.NativeMethodAccessorImpl.invoke(Unknown Source)
	at sun.reflect.DelegatingMethodAccessorImpl.invoke(Unknown Source)
	at java.lang.reflect.Method.invoke(Unknown Source)
	at org.testng.internal.MethodInvocationHelper.invokeMethod(MethodInvocationHelper.java:84)
	at org.testng.internal.Invoker.invokeConfigurationMethod(Invoker.java:564)
	at org.testng.internal.Invoker.invokeConfigurations(Invoker.java:213)
	at org.testng.internal.Invoker.invokeConfigurations(Invoker.java:138)
	at org.testng.TestRunner.beforeRun(TestRunner.java:641)
	at org.testng.TestRunner.run(TestRunner.java:609)
	at org.testng.SuiteRunner.runTest(SuiteRunner.java:334)
	at org.testng.SuiteRunner.runSequentially(SuiteRunner.java:329)
	at org.testng.SuiteRunner.privateRun(SuiteRunner.java:291)
	at org.testng.SuiteRunner.run(SuiteRunner.java:240)
	at org.testng.SuiteRunnerWorker.runSuite(SuiteRunnerWorker.java:52)
	at org.testng.SuiteRunnerWorker.run(SuiteRunnerWorker.java:86)
	at org.testng.TestNG.runSuitesSequentially(TestNG.java:1224)
	at org.testng.TestNG.runSuitesLocally(TestNG.java:1149)
	at org.testng.TestNG.run(TestNG.java:1057)
	at org.testng.remote.RemoteTestNG.run(RemoteTestNG.java:111)
	at org.testng.remote.RemoteTestNG.initAndRun(RemoteTestNG.java:204)
	at org.testng.remote.RemoteTestNG.main(RemoteTestNG.java:175)
]]>
            </full-stacktrace>
          </exception> <!-- org.testng.SkipException -->
          <reporter-output>
          </reporter-output>
        </test-method> <!-- isTestSkipped -->
        <test-method status="SKIP" signature="launch_Browser(java.lang.String)[pri:0, instance:com.NFHS.TestSuites.MyCoursesDistribution.MC_Distribution2@25d2b2]" name="launch_Browser" is-config="true" duration-ms="0" started-at="2014-09-29T22:48:39Z" finished-at="2014-09-29T22:48:39Z">
          <reporter-output>
          </reporter-output>
        </test-method> <!-- launch_Browser -->
        <test-method status="SKIP" signature="mc_Distribution2(java.lang.String, java.lang.String, java.lang.String)[pri:0, instance:com.NFHS.TestSuites.MyCoursesDistribution.MC_Distribution2@25d2b2]" name="mc_Distribution2" duration-ms="15" started-at="2014-09-29T22:48:39Z" data-provider="mc_Distribution2_Test_Data" finished-at="2014-09-29T22:48:40Z">
          <params>
            <param index="0">
              <value>
                <![CDATA[testuser1@weboapps.com]]>
              </value>
            </param>
            <param index="1">
              <value>
                <![CDATA[test1234]]>
              </value>
            </param>
            <param index="2">
              <value>
                <![CDATA[R834847875 09/29/14]]>
              </value>
            </param>
          </params>
          <reporter-output>
          </reporter-output>
        </test-method> <!-- mc_Distribution2 -->
        <test-method status="SKIP" signature="reportTestCaseResult()[pri:0, instance:com.NFHS.TestSuites.MyCoursesDistribution.MC_Distribution2@25d2b2]" name="reportTestCaseResult" is-config="true" duration-ms="0" started-at="2014-09-29T22:48:40Z" finished-at="2014-09-29T22:48:40Z">
          <reporter-output>
          </reporter-output>
        </test-method> <!-- reportTestCaseResult -->
        <test-method status="SKIP" signature="reporter()[pri:0, instance:com.NFHS.TestSuites.MyCoursesDistribution.MC_Distribution2@25d2b2]" name="reporter" is-config="true" duration-ms="0" started-at="2014-09-29T22:48:40Z" finished-at="2014-09-29T22:48:40Z">
          <reporter-output>
          </reporter-output>
        </test-method> <!-- reporter -->
      </class> <!-- com.NFHS.TestSuites.MyCoursesDistribution.MC_Distribution2 -->
    </test> <!-- MyCourses Distribution-2 -->
    <test name="MyCourses Distribution-3" duration-ms="828" started-at="2014-09-29T17:18:40Z" finished-at="2014-09-29T17:18:40Z">
      <class name="com.NFHS.TestSuites.MyCoursesDistribution.MC_Distribution3">
        <test-method status="SKIP" signature="isTestSkipped()[pri:0, instance:com.NFHS.TestSuites.MyCoursesDistribution.MC_Distribution3@10045eb]" name="isTestSkipped" is-config="true" duration-ms="0" started-at="2014-09-29T22:48:40Z" finished-at="2014-09-29T22:48:40Z">
          <exception class="org.testng.SkipException">
            <message>
              <![CDATA[--Runmode is set to NO for given testcase--]]>
            </message>
            <full-stacktrace>
              <![CDATA[org.testng.SkipException: --Runmode is set to NO for given testcase--
	at com.NFHS.TestSuites.MyCoursesDistribution.MC_Distribution3.isTestSkipped(MC_Distribution3.java:43)
	at sun.reflect.NativeMethodAccessorImpl.invoke0(Native Method)
	at sun.reflect.NativeMethodAccessorImpl.invoke(Unknown Source)
	at sun.reflect.DelegatingMethodAccessorImpl.invoke(Unknown Source)
	at java.lang.reflect.Method.invoke(Unknown Source)
	at org.testng.internal.MethodInvocationHelper.invokeMethod(MethodInvocationHelper.java:84)
	at org.testng.internal.Invoker.invokeConfigurationMethod(Invoker.java:564)
	at org.testng.internal.Invoker.invokeConfigurations(Invoker.java:213)
	at org.testng.internal.Invoker.invokeConfigurations(Invoker.java:138)
	at org.testng.TestRunner.beforeRun(TestRunner.java:641)
	at org.testng.TestRunner.run(TestRunner.java:609)
	at org.testng.SuiteRunner.runTest(SuiteRunner.java:334)
	at org.testng.SuiteRunner.runSequentially(SuiteRunner.java:329)
	at org.testng.SuiteRunner.privateRun(SuiteRunner.java:291)
	at org.testng.SuiteRunner.run(SuiteRunner.java:240)
	at org.testng.SuiteRunnerWorker.runSuite(SuiteRunnerWorker.java:52)
	at org.testng.SuiteRunnerWorker.run(SuiteRunnerWorker.java:86)
	at org.testng.TestNG.runSuitesSequentially(TestNG.java:1224)
	at org.testng.TestNG.runSuitesLocally(TestNG.java:1149)
	at org.testng.TestNG.run(TestNG.java:1057)
	at org.testng.remote.RemoteTestNG.run(RemoteTestNG.java:111)
	at org.testng.remote.RemoteTestNG.initAndRun(RemoteTestNG.java:204)
	at org.testng.remote.RemoteTestNG.main(RemoteTestNG.java:175)
]]>
            </full-stacktrace>
          </exception> <!-- org.testng.SkipException -->
          <reporter-output>
          </reporter-output>
        </test-method> <!-- isTestSkipped -->
        <test-method status="SKIP" signature="launch_Browser(java.lang.String)[pri:0, instance:com.NFHS.TestSuites.MyCoursesDistribution.MC_Distribution3@10045eb]" name="launch_Browser" is-config="true" duration-ms="0" started-at="2014-09-29T22:48:40Z" finished-at="2014-09-29T22:48:40Z">
          <reporter-output>
          </reporter-output>
        </test-method> <!-- launch_Browser -->
        <test-method status="SKIP" signature="mc_Distribution3(java.lang.String, java.lang.String, java.lang.String)[pri:0, instance:com.NFHS.TestSuites.MyCoursesDistribution.MC_Distribution3@10045eb]" name="mc_Distribution3" duration-ms="0" started-at="2014-09-29T22:48:40Z" data-provider="mc_Distribution3_Test_Data" finished-at="2014-09-29T22:48:40Z">
          <params>
            <param index="0">
              <value>
                <![CDATA[testuser1@weboapps.com]]>
              </value>
            </param>
            <param index="1">
              <value>
                <![CDATA[test1234]]>
              </value>
            </param>
            <param index="2">
              <value>
                <![CDATA[R834847875 09/29/14]]>
              </value>
            </param>
          </params>
          <reporter-output>
          </reporter-output>
        </test-method> <!-- mc_Distribution3 -->
        <test-method status="SKIP" signature="reporter()[pri:0, instance:com.NFHS.TestSuites.MyCoursesDistribution.MC_Distribution3@10045eb]" name="reporter" is-config="true" duration-ms="0" started-at="2014-09-29T22:48:40Z" finished-at="2014-09-29T22:48:40Z">
          <reporter-output>
          </reporter-output>
        </test-method> <!-- reporter -->
        <test-method status="SKIP" signature="reportTestCaseResult()[pri:0, instance:com.NFHS.TestSuites.MyCoursesDistribution.MC_Distribution3@10045eb]" name="reportTestCaseResult" is-config="true" duration-ms="0" started-at="2014-09-29T22:48:40Z" finished-at="2014-09-29T22:48:40Z">
          <reporter-output>
          </reporter-output>
        </test-method> <!-- reportTestCaseResult -->
      </class> <!-- com.NFHS.TestSuites.MyCoursesDistribution.MC_Distribution3 -->
    </test> <!-- MyCourses Distribution-3 -->
    <test name="MyCourses Distribution-4" duration-ms="1453" started-at="2014-09-29T17:18:40Z" finished-at="2014-09-29T17:18:42Z">
      <class name="com.NFHS.TestSuites.MyCoursesDistribution.MC_Distribution4">
        <test-method status="SKIP" signature="isTestSkipped()[pri:0, instance:com.NFHS.TestSuites.MyCoursesDistribution.MC_Distribution4@9df6f1]" name="isTestSkipped" is-config="true" duration-ms="0" started-at="2014-09-29T22:48:40Z" finished-at="2014-09-29T22:48:40Z">
          <exception class="org.testng.SkipException">
            <message>
              <![CDATA[--Runmode is set to NO for given testcase--]]>
            </message>
            <full-stacktrace>
              <![CDATA[org.testng.SkipException: --Runmode is set to NO for given testcase--
	at com.NFHS.TestSuites.MyCoursesDistribution.MC_Distribution4.isTestSkipped(MC_Distribution4.java:43)
	at sun.reflect.NativeMethodAccessorImpl.invoke0(Native Method)
	at sun.reflect.NativeMethodAccessorImpl.invoke(Unknown Source)
	at sun.reflect.DelegatingMethodAccessorImpl.invoke(Unknown Source)
	at java.lang.reflect.Method.invoke(Unknown Source)
	at org.testng.internal.MethodInvocationHelper.invokeMethod(MethodInvocationHelper.java:84)
	at org.testng.internal.Invoker.invokeConfigurationMethod(Invoker.java:564)
	at org.testng.internal.Invoker.invokeConfigurations(Invoker.java:213)
	at org.testng.internal.Invoker.invokeConfigurations(Invoker.java:138)
	at org.testng.TestRunner.beforeRun(TestRunner.java:641)
	at org.testng.TestRunner.run(TestRunner.java:609)
	at org.testng.SuiteRunner.runTest(SuiteRunner.java:334)
	at org.testng.SuiteRunner.runSequentially(SuiteRunner.java:329)
	at org.testng.SuiteRunner.privateRun(SuiteRunner.java:291)
	at org.testng.SuiteRunner.run(SuiteRunner.java:240)
	at org.testng.SuiteRunnerWorker.runSuite(SuiteRunnerWorker.java:52)
	at org.testng.SuiteRunnerWorker.run(SuiteRunnerWorker.java:86)
	at org.testng.TestNG.runSuitesSequentially(TestNG.java:1224)
	at org.testng.TestNG.runSuitesLocally(TestNG.java:1149)
	at org.testng.TestNG.run(TestNG.java:1057)
	at org.testng.remote.RemoteTestNG.run(RemoteTestNG.java:111)
	at org.testng.remote.RemoteTestNG.initAndRun(RemoteTestNG.java:204)
	at org.testng.remote.RemoteTestNG.main(RemoteTestNG.java:175)
]]>
            </full-stacktrace>
          </exception> <!-- org.testng.SkipException -->
          <reporter-output>
          </reporter-output>
        </test-method> <!-- isTestSkipped -->
        <test-method status="SKIP" signature="launch_Browser(java.lang.String)[pri:0, instance:com.NFHS.TestSuites.MyCoursesDistribution.MC_Distribution4@9df6f1]" name="launch_Browser" is-config="true" duration-ms="0" started-at="2014-09-29T22:48:42Z" finished-at="2014-09-29T22:48:42Z">
          <reporter-output>
          </reporter-output>
        </test-method> <!-- launch_Browser -->
        <test-method status="SKIP" signature="mc_Distribution4(java.lang.String, java.lang.String, java.lang.String, java.lang.String, java.lang.String, java.lang.String)[pri:0, instance:com.NFHS.TestSuites.MyCoursesDistribution.MC_Distribution4@9df6f1]" name="mc_Distribution4" duration-ms="0" started-at="2014-09-29T22:48:42Z" data-provider="mc_Distribution4_Test_Data" finished-at="2014-09-29T22:48:42Z">
          <params>
            <param index="0">
              <value>
                <![CDATA[testuser1@weboapps.com]]>
              </value>
            </param>
            <param index="1">
              <value>
                <![CDATA[test1234]]>
              </value>
            </param>
            <param index="2">
              <value>
                <![CDATA[R834847875 09/29/14]]>
              </value>
            </param>
            <param index="3">
              <value>
                <![CDATA[Bhabani]]>
              </value>
            </param>
            <param index="4">
              <value>
                <![CDATA[Shankar]]>
              </value>
            </param>
            <param index="5">
              <value>
                <![CDATA[]]>
              </value>
            </param>
          </params>
          <reporter-output>
          </reporter-output>
        </test-method> <!-- mc_Distribution4 -->
        <test-method status="SKIP" signature="reportTestCaseResult()[pri:0, instance:com.NFHS.TestSuites.MyCoursesDistribution.MC_Distribution4@9df6f1]" name="reportTestCaseResult" is-config="true" duration-ms="0" started-at="2014-09-29T22:48:42Z" finished-at="2014-09-29T22:48:42Z">
          <reporter-output>
          </reporter-output>
        </test-method> <!-- reportTestCaseResult -->
        <test-method status="SKIP" signature="reporter()[pri:0, instance:com.NFHS.TestSuites.MyCoursesDistribution.MC_Distribution4@9df6f1]" name="reporter" is-config="true" duration-ms="0" started-at="2014-09-29T22:48:42Z" finished-at="2014-09-29T22:48:42Z">
          <reporter-output>
          </reporter-output>
        </test-method> <!-- reporter -->
      </class> <!-- com.NFHS.TestSuites.MyCoursesDistribution.MC_Distribution4 -->
    </test> <!-- MyCourses Distribution-4 -->
    <test name="MyCourses Distribution-5" duration-ms="1156" started-at="2014-09-29T17:18:42Z" finished-at="2014-09-29T17:18:43Z">
      <class name="com.NFHS.TestSuites.MyCoursesDistribution.MC_Distribution5">
        <test-method status="SKIP" signature="isTestSkipped()[pri:0, instance:com.NFHS.TestSuites.MyCoursesDistribution.MC_Distribution5@b8deef]" name="isTestSkipped" is-config="true" duration-ms="0" started-at="2014-09-29T22:48:42Z" finished-at="2014-09-29T22:48:42Z">
          <exception class="org.testng.SkipException">
            <message>
              <![CDATA[--Runmode is set to NO for given testcase--]]>
            </message>
            <full-stacktrace>
              <![CDATA[org.testng.SkipException: --Runmode is set to NO for given testcase--
	at com.NFHS.TestSuites.MyCoursesDistribution.MC_Distribution5.isTestSkipped(MC_Distribution5.java:42)
	at sun.reflect.NativeMethodAccessorImpl.invoke0(Native Method)
	at sun.reflect.NativeMethodAccessorImpl.invoke(Unknown Source)
	at sun.reflect.DelegatingMethodAccessorImpl.invoke(Unknown Source)
	at java.lang.reflect.Method.invoke(Unknown Source)
	at org.testng.internal.MethodInvocationHelper.invokeMethod(MethodInvocationHelper.java:84)
	at org.testng.internal.Invoker.invokeConfigurationMethod(Invoker.java:564)
	at org.testng.internal.Invoker.invokeConfigurations(Invoker.java:213)
	at org.testng.internal.Invoker.invokeConfigurations(Invoker.java:138)
	at org.testng.TestRunner.beforeRun(TestRunner.java:641)
	at org.testng.TestRunner.run(TestRunner.java:609)
	at org.testng.SuiteRunner.runTest(SuiteRunner.java:334)
	at org.testng.SuiteRunner.runSequentially(SuiteRunner.java:329)
	at org.testng.SuiteRunner.privateRun(SuiteRunner.java:291)
	at org.testng.SuiteRunner.run(SuiteRunner.java:240)
	at org.testng.SuiteRunnerWorker.runSuite(SuiteRunnerWorker.java:52)
	at org.testng.SuiteRunnerWorker.run(SuiteRunnerWorker.java:86)
	at org.testng.TestNG.runSuitesSequentially(TestNG.java:1224)
	at org.testng.TestNG.runSuitesLocally(TestNG.java:1149)
	at org.testng.TestNG.run(TestNG.java:1057)
	at org.testng.remote.RemoteTestNG.run(RemoteTestNG.java:111)
	at org.testng.remote.RemoteTestNG.initAndRun(RemoteTestNG.java:204)
	at org.testng.remote.RemoteTestNG.main(RemoteTestNG.java:175)
]]>
            </full-stacktrace>
          </exception> <!-- org.testng.SkipException -->
          <reporter-output>
          </reporter-output>
        </test-method> <!-- isTestSkipped -->
        <test-method status="SKIP" signature="launch_Browser(java.lang.String)[pri:0, instance:com.NFHS.TestSuites.MyCoursesDistribution.MC_Distribution5@b8deef]" name="launch_Browser" is-config="true" duration-ms="0" started-at="2014-09-29T22:48:43Z" finished-at="2014-09-29T22:48:43Z">
          <reporter-output>
          </reporter-output>
        </test-method> <!-- launch_Browser -->
        <test-method status="SKIP" signature="mc_Distribution5(java.lang.String, java.lang.String, java.lang.String, java.lang.String, java.lang.String, java.lang.String)[pri:0, instance:com.NFHS.TestSuites.MyCoursesDistribution.MC_Distribution5@b8deef]" name="mc_Distribution5" duration-ms="15" started-at="2014-09-29T22:48:43Z" data-provider="mc_Distribution5_Test_Data" finished-at="2014-09-29T22:48:43Z">
          <params>
            <param index="0">
              <value>
                <![CDATA[testuser1@weboapps.com]]>
              </value>
            </param>
            <param index="1">
              <value>
                <![CDATA[test1234]]>
              </value>
            </param>
            <param index="2">
              <value>
                <![CDATA[R834847875 09/29/14]]>
              </value>
            </param>
            <param index="3">
              <value>
                <![CDATA[Bhabani]]>
              </value>
            </param>
            <param index="4">
              <value>
                <![CDATA[Shankar]]>
              </value>
            </param>
            <param index="5">
              <value>
                <![CDATA[abcdefghi]]>
              </value>
            </param>
          </params>
          <reporter-output>
          </reporter-output>
        </test-method> <!-- mc_Distribution5 -->
        <test-method status="SKIP" signature="reporter()[pri:0, instance:com.NFHS.TestSuites.MyCoursesDistribution.MC_Distribution5@b8deef]" name="reporter" is-config="true" duration-ms="0" started-at="2014-09-29T22:48:43Z" finished-at="2014-09-29T22:48:43Z">
          <reporter-output>
          </reporter-output>
        </test-method> <!-- reporter -->
        <test-method status="SKIP" signature="reportTestCaseResult()[pri:0, instance:com.NFHS.TestSuites.MyCoursesDistribution.MC_Distribution5@b8deef]" name="reportTestCaseResult" is-config="true" duration-ms="0" started-at="2014-09-29T22:48:43Z" finished-at="2014-09-29T22:48:43Z">
          <reporter-output>
          </reporter-output>
        </test-method> <!-- reportTestCaseResult -->
      </class> <!-- com.NFHS.TestSuites.MyCoursesDistribution.MC_Distribution5 -->
    </test> <!-- MyCourses Distribution-5 -->
    <test name="MyCourses Distribution-6" duration-ms="969" started-at="2014-09-29T17:18:43Z" finished-at="2014-09-29T17:18:44Z">
      <class name="com.NFHS.TestSuites.MyCoursesDistribution.MC_Distribution6">
        <test-method status="SKIP" signature="isTestSkipped()[pri:0, instance:com.NFHS.TestSuites.MyCoursesDistribution.MC_Distribution6@8e32e7]" name="isTestSkipped" is-config="true" duration-ms="0" started-at="2014-09-29T22:48:43Z" finished-at="2014-09-29T22:48:43Z">
          <exception class="org.testng.SkipException">
            <message>
              <![CDATA[--Runmode is set to NO for given testcase--]]>
            </message>
            <full-stacktrace>
              <![CDATA[org.testng.SkipException: --Runmode is set to NO for given testcase--
	at com.NFHS.TestSuites.MyCoursesDistribution.MC_Distribution6.isTestSkipped(MC_Distribution6.java:42)
	at sun.reflect.NativeMethodAccessorImpl.invoke0(Native Method)
	at sun.reflect.NativeMethodAccessorImpl.invoke(Unknown Source)
	at sun.reflect.DelegatingMethodAccessorImpl.invoke(Unknown Source)
	at java.lang.reflect.Method.invoke(Unknown Source)
	at org.testng.internal.MethodInvocationHelper.invokeMethod(MethodInvocationHelper.java:84)
	at org.testng.internal.Invoker.invokeConfigurationMethod(Invoker.java:564)
	at org.testng.internal.Invoker.invokeConfigurations(Invoker.java:213)
	at org.testng.internal.Invoker.invokeConfigurations(Invoker.java:138)
	at org.testng.TestRunner.beforeRun(TestRunner.java:641)
	at org.testng.TestRunner.run(TestRunner.java:609)
	at org.testng.SuiteRunner.runTest(SuiteRunner.java:334)
	at org.testng.SuiteRunner.runSequentially(SuiteRunner.java:329)
	at org.testng.SuiteRunner.privateRun(SuiteRunner.java:291)
	at org.testng.SuiteRunner.run(SuiteRunner.java:240)
	at org.testng.SuiteRunnerWorker.runSuite(SuiteRunnerWorker.java:52)
	at org.testng.SuiteRunnerWorker.run(SuiteRunnerWorker.java:86)
	at org.testng.TestNG.runSuitesSequentially(TestNG.java:1224)
	at org.testng.TestNG.runSuitesLocally(TestNG.java:1149)
	at org.testng.TestNG.run(TestNG.java:1057)
	at org.testng.remote.RemoteTestNG.run(RemoteTestNG.java:111)
	at org.testng.remote.RemoteTestNG.initAndRun(RemoteTestNG.java:204)
	at org.testng.remote.RemoteTestNG.main(RemoteTestNG.java:175)
]]>
            </full-stacktrace>
          </exception> <!-- org.testng.SkipException -->
          <reporter-output>
          </reporter-output>
        </test-method> <!-- isTestSkipped -->
        <test-method status="SKIP" signature="launch_Browser(java.lang.String)[pri:0, instance:com.NFHS.TestSuites.MyCoursesDistribution.MC_Distribution6@8e32e7]" name="launch_Browser" is-config="true" duration-ms="0" started-at="2014-09-29T22:48:44Z" finished-at="2014-09-29T22:48:44Z">
          <reporter-output>
          </reporter-output>
        </test-method> <!-- launch_Browser -->
        <test-method status="SKIP" signature="mc_Distribution6(java.lang.String, java.lang.String, java.lang.String, java.lang.String, java.lang.String, java.lang.String)[pri:0, instance:com.NFHS.TestSuites.MyCoursesDistribution.MC_Distribution6@8e32e7]" name="mc_Distribution6" duration-ms="0" started-at="2014-09-29T22:48:44Z" data-provider="mc_Distribution6_Test_Data" finished-at="2014-09-29T22:48:44Z">
          <params>
            <param index="0">
              <value>
                <![CDATA[testuser1@weboapps.com]]>
              </value>
            </param>
            <param index="1">
              <value>
                <![CDATA[test1234]]>
              </value>
            </param>
            <param index="2">
              <value>
                <![CDATA[R834847875 09/29/14]]>
              </value>
            </param>
            <param index="3">
              <value>
                <![CDATA[Bhabani]]>
              </value>
            </param>
            <param index="4">
              <value>
                <![CDATA[Shankar]]>
              </value>
            </param>
            <param index="5">
              <value>
                <![CDATA[shankar1@yopmail.com]]>
              </value>
            </param>
          </params>
          <reporter-output>
          </reporter-output>
        </test-method> <!-- mc_Distribution6 -->
        <test-method status="SKIP" signature="reporter()[pri:0, instance:com.NFHS.TestSuites.MyCoursesDistribution.MC_Distribution6@8e32e7]" name="reporter" is-config="true" duration-ms="0" started-at="2014-09-29T22:48:44Z" finished-at="2014-09-29T22:48:44Z">
          <reporter-output>
          </reporter-output>
        </test-method> <!-- reporter -->
        <test-method status="SKIP" signature="reportTestCaseResult()[pri:0, instance:com.NFHS.TestSuites.MyCoursesDistribution.MC_Distribution6@8e32e7]" name="reportTestCaseResult" is-config="true" duration-ms="0" started-at="2014-09-29T22:48:44Z" finished-at="2014-09-29T22:48:44Z">
          <reporter-output>
          </reporter-output>
        </test-method> <!-- reportTestCaseResult -->
      </class> <!-- com.NFHS.TestSuites.MyCoursesDistribution.MC_Distribution6 -->
    </test> <!-- MyCourses Distribution-6 -->
    <test name="MyCourses Distribution-7" duration-ms="42861" started-at="2014-09-29T17:18:44Z" finished-at="2014-09-29T17:19:27Z">
      <class name="com.NFHS.TestSuites.MyCoursesDistribution.MC_Distribution7">
        <test-method status="PASS" signature="isSuiteSkipped()[pri:0, instance:com.NFHS.TestSuites.MyCoursesDistribution.MC_Distribution7@11e1e67]" name="isSuiteSkipped" is-config="true" duration-ms="2453" started-at="2014-09-29T22:48:34Z" finished-at="2014-09-29T22:48:37Z">
          <reporter-output>
          </reporter-output>
        </test-method> <!-- isSuiteSkipped -->
        <test-method status="PASS" signature="isTestSkipped()[pri:0, instance:com.NFHS.TestSuites.MyCoursesDistribution.MC_Distribution7@11e1e67]" name="isTestSkipped" is-config="true" duration-ms="500" started-at="2014-09-29T22:48:44Z" finished-at="2014-09-29T22:48:45Z">
          <reporter-output>
          </reporter-output>
        </test-method> <!-- isTestSkipped -->
        <test-method status="PASS" signature="launch_Browser(java.lang.String)[pri:0, instance:com.NFHS.TestSuites.MyCoursesDistribution.MC_Distribution7@11e1e67]" name="launch_Browser" is-config="true" duration-ms="2719" started-at="2014-09-29T22:48:46Z" finished-at="2014-09-29T22:48:48Z">
          <params>
            <param index="0">
              <value>
                <![CDATA[chrome]]>
              </value>
            </param>
          </params>
          <reporter-output>
          </reporter-output>
        </test-method> <!-- launch_Browser -->
        <test-method status="PASS" signature="mc_Distribution7(java.lang.String, java.lang.String, java.lang.String, java.lang.String, java.lang.String, java.lang.String)[pri:0, instance:com.NFHS.TestSuites.MyCoursesDistribution.MC_Distribution7@11e1e67]" name="mc_Distribution7" duration-ms="36126" started-at="2014-09-29T22:48:48Z" data-provider="mc_Distribution7_Test_Data" finished-at="2014-09-29T22:49:24Z">
          <params>
            <param index="0">
              <value>
                <![CDATA[testuser1@weboapps.com]]>
              </value>
            </param>
            <param index="1">
              <value>
                <![CDATA[test1234]]>
              </value>
            </param>
            <param index="2">
              <value>
                <![CDATA[R834847875 09/29/14]]>
              </value>
            </param>
            <param index="3">
              <value>
                <![CDATA[Bhabani]]>
              </value>
            </param>
            <param index="4">
              <value>
                <![CDATA[Shankar]]>
              </value>
            </param>
            <param index="5">
              <value>
                <![CDATA[shankar1@yopmail.com]]>
              </value>
            </param>
          </params>
          <reporter-output>
          </reporter-output>
        </test-method> <!-- mc_Distribution7 -->
        <test-method status="PASS" signature="reporter()[pri:0, instance:com.NFHS.TestSuites.MyCoursesDistribution.MC_Distribution7@11e1e67]" name="reporter" is-config="true" duration-ms="2094" started-at="2014-09-29T22:49:24Z" finished-at="2014-09-29T22:49:27Z">
          <reporter-output>
          </reporter-output>
        </test-method> <!-- reporter -->
        <test-method status="PASS" signature="reportTestCaseResult()[pri:0, instance:com.NFHS.TestSuites.MyCoursesDistribution.MC_Distribution7@11e1e67]" name="reportTestCaseResult" is-config="true" duration-ms="422" started-at="2014-09-29T22:49:27Z" finished-at="2014-09-29T22:49:27Z">
          <reporter-output>
          </reporter-output>
        </test-method> <!-- reportTestCaseResult -->
        <test-method status="PASS" signature="reportSuiteResult()[pri:0, instance:com.NFHS.TestSuites.MyCoursesDistribution.MC_Distribution7@11e1e67]" name="reportSuiteResult" is-config="true" duration-ms="0" started-at="2014-09-29T22:49:27Z" finished-at="2014-09-29T22:49:27Z">
          <reporter-output>
          </reporter-output>
        </test-method> <!-- reportSuiteResult -->
      </class> <!-- com.NFHS.TestSuites.MyCoursesDistribution.MC_Distribution7 -->
    </test> <!-- MyCourses Distribution-7 -->
  </suite> <!-- MyCourses Distribution -->
</testng-results>
