<?xml version="1.0" encoding="UTF-8"?>
<!-- Generated by org.testng.reporters.JUnitXMLReporter -->
<testsuite hostname="vdc01hpd-0072" name="Testcase_A1" tests="2" failures="2" timestamp="22 May 2014 07:06:41 GMT" time="1.61" errors="0">
  <testcase name="test1" time="0.031" classname="com.Framework.suiteA.Testcase_A1">
    <failure type="java.lang.AssertionError" message="expected [XYZ] but found [XYZdfc]">
      <![CDATA[java.lang.AssertionError: expected [XYZ] but found [XYZdfc]
	at com.Framework.suiteA.Testcase_A1.test1(Testcase_A1.java:60)
... Removed 30 stack frames]]>
    </failure>
  </testcase> <!-- test1 -->
  <testcase name="test1" time="0.0" classname="com.Framework.suiteA.Testcase_A1">
    <failure type="java.lang.AssertionError" message="expected [XYZ] but found [XYZdfc]">
      <![CDATA[java.lang.AssertionError: expected [XYZ] but found [XYZdfc]
	at com.Framework.suiteA.Testcase_A1.test1(Testcase_A1.java:60)
... Removed 30 stack frames]]>
    </failure>
  </testcase> <!-- test1 -->
</testsuite> <!-- Testcase_A1 -->
